Arguments: 
  /home/john/.nvm/versions/node/v8.10.0/bin/node /home/john/.yarn/bin/yarn.js add -D valory-runtime

PATH: 
  /home/john/.yarn/bin:/home/john/.nvm/versions/node/v8.10.0/bin:/home/linuxbrew/.linuxbrew/bin:/home/linuxbrew/.linuxbrew/bin:/home/john/bin:/usr/local/sbin:/usr/local/bin:/usr/sbin:/usr/bin:/sbin:/bin:/usr/games:/usr/local/games:/snap/bin:/usr/lib/jvm/java-8-oracle/bin:/usr/lib/jvm/java-8-oracle/db/bin:/usr/lib/jvm/java-8-oracle/jre/bin:/usr/local/go/bin:/home/john/go/bin:/usr/lib/jvm/java-8-oracle/bin:/usr/lib/jvm/java-8-oracle/db/bin:/usr/lib/jvm/java-8-oracle/jre/bin:john/.local/bin

Yarn version: 
  1.9.4

Node version: 
  8.10.0

Platform: 
  linux x64

Trace: 
  SyntaxError: /home/john/workspace/valory-adaptor-claudia/package.json: Unexpected token } in JSON at position 784
      at JSON.parse (<anonymous>)
      at /home/john/.yarn/lib/cli.js:1130:59
      at Generator.next (<anonymous>)
      at step (/home/john/.yarn/lib/cli.js:92:30)
      at /home/john/.yarn/lib/cli.js:103:13
      at <anonymous>

npm manifest: 
  {
  	"name": "valory-adaptor-claudia",
  	"version": "1.0.0",
  	"description": "Claudia adaptor for valory",
  	"typings": "dist/adaptor-claudia.d.ts",
  	"main": "dist/adaptor-claudia.js",
  	"scripts": {
  		"test": "echo \"Error: no test specified\" && exit 1",
  		"pretest": "npm run build",
  		"build": "tsc",
  		"prepare": "npm run build",
  		"release": "semantic-release",
  		"commitmsg": "commitlint -e $GIT_PARAMS"
  	},
  	"author": "",
  	"license": "ISC",
  	"files": [
  		"dist",
  		"package.json"
  	],
  	"devDependencies": {
  		"@commitlint/cli": "^6.2.0",
  		"@commitlint/config-conventional": "^6.1.3",
  		"@types/node": "^9.6.16",
  		"@types/swagger-schema-official": "^2.0.8",
  		"cz-conventional-changelog": "^2.1.0",
  		"husky": "^0.14.3",
  		"semantic-release": "^15.1.7",
  		"typescript": "^2.8.3",
  	},
  	"dependencies": {
  		"claudia-api-builder": "^4.0.0"
  	},
  	"release": {
  		"repositoryUrl": "https://git-codecommit.us-east-1.amazonaws.com/v1/repos/valory-adaptor-claudia",
  		"branch": "master",
  		"verifyConditions": [
  			"@semantic-release/npm"
  		],
  		"publish": [
  			"@semantic-release/npm"
  		],
  		"success": [],
  		"fail": []
  	},
  	"config": {
  		"commitizen": {
  			"path": "./node_modules/cz-conventional-changelog"
  		}
  	}
  }

yarn manifest: 
  No manifest

Lockfile: 
  # THIS IS AN AUTOGENERATED FILE. DO NOT EDIT THIS FILE DIRECTLY.
  # yarn lockfile v1
  
  
  claudia-api-builder@^4.0.0:
    version "4.0.1"
    resolved "https://registry.yarnpkg.com/claudia-api-builder/-/claudia-api-builder-4.0.1.tgz#73caa683f2d3801f72f3cd3500c1334ea546adde"
